#
# There is insufficient memory for the Java Runtime Environment to continue.
# Native memory allocation (malloc) failed to allocate 55104 bytes for Chunk::new
# Possible reasons:
#   The system is out of physical RAM or swap space
#   The process is running with CompressedOops enabled, and the Java Heap may be blocking the growth of the native heap
# Possible solutions:
#   Reduce memory load on the system
#   Increase physical memory or swap space
#   Check if swap backing store is full
#   Decrease Java heap size (-Xmx/-Xms)
#   Decrease number of Java threads
#   Decrease Java thread stack sizes (-Xss)
#   Set larger code cache with -XX:ReservedCodeCacheSize=
#   JVM is running with Zero Based Compressed Oops mode in which the Java heap is
#     placed in the first 32GB address space. The Java Heap base address is the
#     maximum limit for the native heap growth. Please use -XX:HeapBaseMinAddress
#     to set the Java Heap base and to place the Java Heap above 32GB virtual address.
# This output file may be truncated or incomplete.
#
#  Out of Memory Error (arena.cpp:189), pid=18600, tid=20984
#
# JRE version: OpenJDK Runtime Environment Temurin-17.0.1+12 (17.0.1+12) (build 17.0.1+12)
# Java VM: OpenJDK 64-Bit Server VM Temurin-17.0.1+12 (17.0.1+12, mixed mode, tiered, compressed oops, compressed class ptrs, g1 gc, windows-amd64)
# No core dump will be written. Minidumps are not enabled by default on client versions of Windows
#

---------------  S U M M A R Y ------------

Command Line: -ea -Dfile.encoding=UTF-8 -XX:+ShowCodeDetailsInExceptionMessages org.eclipse.jdt.internal.junit.runner.RemoteTestRunner -version 3 -port 62192 -testLoaderClass org.eclipse.jdt.internal.junit5.runner.JUnit5TestLoader -loaderpluginname org.eclipse.jdt.junit5.runtime -classNames com.pruebatecnica.expense.services.ExpenseServiceTest

Host: AMD Ryzen 5 4600H with Radeon Graphics         , 12 cores, 15G,  Windows 10 , 64 bit Build 22000 (10.0.22000.708)
Time: Sun Jun 26 22:58:46 2022 Hora de verano romance elapsed time: 0.436566 seconds (0d 0h 0m 0s)

---------------  T H R E A D  ---------------

Current thread (0x000001ef2447db10):  JavaThread "C2 CompilerThread0" daemon [_thread_in_native, id=20984, stack(0x00000007d4400000,0x00000007d4500000)]


Current CompileTask:
C2:    436  413       4       java.lang.StringLatin1::indexOf (121 bytes)

Stack: [0x00000007d4400000,0x00000007d4500000]
Native frames: (J=compiled Java code, j=interpreted, Vv=VM code, C=native code)
V  [jvm.dll+0x6744da]
V  [jvm.dll+0x82e144]
V  [jvm.dll+0x82f8ee]
V  [jvm.dll+0x82ff53]
V  [jvm.dll+0x245175]
V  [jvm.dll+0xab85b]
V  [jvm.dll+0xabdec]
V  [jvm.dll+0x362f07]
V  [jvm.dll+0x1bb698]
V  [jvm.dll+0x218189]
V  [jvm.dll+0x217451]
V  [jvm.dll+0x1a355d]
V  [jvm.dll+0x226e38]
V  [jvm.dll+0x224f7c]
V  [jvm.dll+0x7e3f5b]
V  [jvm.dll+0x7de51a]
V  [jvm.dll+0x673305]
C  [ucrtbase.dll+0x26c0c]
C  [KERNEL32.DLL+0x154e0]
C  [ntdll.dll+0x485b]


---------------  P R O C E S S  ---------------

Threads class SMR info:
_java_thread_list=0x000001ef245cbb30, length=12, elements={
0x000001ef03152280, 0x000001ef24414bc0, 0x000001ef24415830, 0x000001ef24435af0,
0x000001ef244364a0, 0x000001ef2445f3c0, 0x000001ef2445fc80, 0x000001ef2447db10,
0x000001ef2447e4c0, 0x000001ef244816a0, 0x000001ef245f1f00, 0x000001ef24601ed0
}

Java Threads: ( => current thread )
  0x000001ef03152280 JavaThread "main" [_thread_in_native, id=19180, stack(0x00000007d3700000,0x00000007d3800000)]
  0x000001ef24414bc0 JavaThread "Reference Handler" daemon [_thread_blocked, id=19832, stack(0x00000007d3e00000,0x00000007d3f00000)]
  0x000001ef24415830 JavaThread "Finalizer" daemon [_thread_blocked, id=3320, stack(0x00000007d3f00000,0x00000007d4000000)]
  0x000001ef24435af0 JavaThread "Signal Dispatcher" daemon [_thread_blocked, id=22248, stack(0x00000007d4000000,0x00000007d4100000)]
  0x000001ef244364a0 JavaThread "Attach Listener" daemon [_thread_blocked, id=21716, stack(0x00000007d4100000,0x00000007d4200000)]
  0x000001ef2445f3c0 JavaThread "Service Thread" daemon [_thread_blocked, id=15632, stack(0x00000007d4200000,0x00000007d4300000)]
  0x000001ef2445fc80 JavaThread "Monitor Deflation Thread" daemon [_thread_blocked, id=21152, stack(0x00000007d4300000,0x00000007d4400000)]
=>0x000001ef2447db10 JavaThread "C2 CompilerThread0" daemon [_thread_in_native, id=20984, stack(0x00000007d4400000,0x00000007d4500000)]
  0x000001ef2447e4c0 JavaThread "C1 CompilerThread0" daemon [_thread_in_native, id=12796, stack(0x00000007d4500000,0x00000007d4600000)]
  0x000001ef244816a0 JavaThread "Sweeper thread" daemon [_thread_blocked, id=22088, stack(0x00000007d4600000,0x00000007d4700000)]
  0x000001ef245f1f00 JavaThread "Notification Thread" daemon [_thread_blocked, id=8276, stack(0x00000007d4700000,0x00000007d4800000)]
  0x000001ef24601ed0 JavaThread "Common-Cleaner" daemon [_thread_blocked, id=16216, stack(0x00000007d4900000,0x00000007d4a00000)]

Other Threads:
  0x000001ef23b89c90 VMThread "VM Thread" [stack: 0x00000007d3d00000,0x00000007d3e00000] [id=22652]
  0x000001ef245f43e0 WatcherThread [stack: 0x00000007d4800000,0x00000007d4900000] [id=22100]
  0x000001ef0319ff00 GCTaskThread "GC Thread#0" [stack: 0x00000007d3800000,0x00000007d3900000] [id=20136]
  0x000001ef031b03b0 ConcurrentGCThread "G1 Main Marker" [stack: 0x00000007d3900000,0x00000007d3a00000] [id=15208]
  0x000001ef031b1460 ConcurrentGCThread "G1 Conc#0" [stack: 0x00000007d3a00000,0x00000007d3b00000] [id=8020]
  0x000001ef032120f0 ConcurrentGCThread "G1 Refine#0" [stack: 0x00000007d3b00000,0x00000007d3c00000] [id=3564]
  0x000001ef03212a10 ConcurrentGCThread "G1 Service" [stack: 0x00000007d3c00000,0x00000007d3d00000] [id=1712]

Threads with active compile tasks:
C2 CompilerThread0      452  413       4       java.lang.StringLatin1::indexOf (121 bytes)
C1 CompilerThread0      452  408       3       java.net.URLStreamHandler::parseURL (1201 bytes)

VM state: not at safepoint (normal execution)

VM Mutex/Monitor currently owned by a thread: None

Heap address: 0x00000004dc000000, size: 3936 MB, Compressed Oops mode: Zero based, Oop shift amount: 3

CDS archive(s) not mapped
Compressed class space mapped at: 0x00000005d2000000-0x0000000612000000, reserved size: 1073741824
Narrow klass base: 0x0000000000000000, Narrow klass shift: 3, Narrow klass range: 0x612000000

GC Precious Log:
 CPUs: 12 total, 12 available
 Memory: 15741M
 Large Page Support: Disabled
 NUMA Support: Disabled
 Compressed Oops: Enabled (Zero based)
 Heap Region Size: 2M
 Heap Min Capacity: 8M
 Heap Initial Capacity: 246M
 Heap Max Capacity: 3936M
 Pre-touch: Disabled
 Parallel Workers: 10
 Concurrent Workers: 3
 Concurrent Refinement Workers: 10
 Periodic GC: Disabled

Heap:
 garbage-first heap   total 251904K, used 8192K [0x00000004dc000000, 0x00000005d2000000)
  region size 2048K, 6 young (12288K), 0 survivors (0K)
 Metaspace       used 7438K, committed 7552K, reserved 1056768K
  class space    used 647K, committed 704K, reserved 1048576K

Heap Regions: E=young(eden), S=young(survivor), O=old, HS=humongous(starts), HC=humongous(continues), CS=collection set, F=free, OA=open archive, CA=closed archive, TAMS=top-at-mark-start (previous, next)
|   0|0x00000004dc000000, 0x00000004dc000000, 0x00000004dc200000|  0%| F|  |TAMS 0x00000004dc000000, 0x00000004dc000000| Untracked 
|   1|0x00000004dc200000, 0x00000004dc200000, 0x00000004dc400000|  0%| F|  |TAMS 0x00000004dc200000, 0x00000004dc200000| Untracked 
|   2|0x00000004dc400000, 0x00000004dc400000, 0x00000004dc600000|  0%| F|  |TAMS 0x00000004dc400000, 0x00000004dc400000| Untracked 
|   3|0x00000004dc600000, 0x00000004dc600000, 0x00000004dc800000|  0%| F|  |TAMS 0x00000004dc600000, 0x00000004dc600000| Untracked 
|   4|0x00000004dc800000, 0x00000004dc800000, 0x00000004dca00000|  0%| F|  |TAMS 0x00000004dc800000, 0x00000004dc800000| Untracked 
|   5|0x00000004dca00000, 0x00000004dca00000, 0x00000004dcc00000|  0%| F|  |TAMS 0x00000004dca00000, 0x00000004dca00000| Untracked 
|   6|0x00000004dcc00000, 0x00000004dcc00000, 0x00000004dce00000|  0%| F|  |TAMS 0x00000004dcc00000, 0x00000004dcc00000| Untracked 
|   7|0x00000004dce00000, 0x00000004dce00000, 0x00000004dd000000|  0%| F|  |TAMS 0x00000004dce00000, 0x00000004dce00000| Untracked 
|   8|0x00000004dd000000, 0x00000004dd000000, 0x00000004dd200000|  0%| F|  |TAMS 0x00000004dd000000, 0x00000004dd000000| Untracked 
|   9|0x00000004dd200000, 0x00000004dd200000, 0x00000004dd400000|  0%| F|  |TAMS 0x00000004dd200000, 0x00000004dd200000| Untracked 
|  10|0x00000004dd400000, 0x00000004dd400000, 0x00000004dd600000|  0%| F|  |TAMS 0x00000004dd400000, 0x00000004dd400000| Untracked 
|  11|0x00000004dd600000, 0x00000004dd600000, 0x00000004dd800000|  0%| F|  |TAMS 0x00000004dd600000, 0x00000004dd600000| Untracked 
|  12|0x00000004dd800000, 0x00000004dd800000, 0x00000004dda00000|  0%| F|  |TAMS 0x00000004dd800000, 0x00000004dd800000| Untracked 
|  13|0x00000004dda00000, 0x00000004dda00000, 0x00000004ddc00000|  0%| F|  |TAMS 0x00000004dda00000, 0x00000004dda00000| Untracked 
|  14|0x00000004ddc00000, 0x00000004ddc00000, 0x00000004dde00000|  0%| F|  |TAMS 0x00000004ddc00000, 0x00000004ddc00000| Untracked 
|  15|0x00000004dde00000, 0x00000004dde00000, 0x00000004de000000|  0%| F|  |TAMS 0x00000004dde00000, 0x00000004dde00000| Untracked 
|  16|0x00000004de000000, 0x00000004de000000, 0x00000004de200000|  0%| F|  |TAMS 0x00000004de000000, 0x00000004de000000| Untracked 
|  17|0x00000004de200000, 0x00000004de200000, 0x00000004de400000|  0%| F|  |TAMS 0x00000004de200000, 0x00000004de200000| Untracked 
|  18|0x00000004de400000, 0x00000004de400000, 0x00000004de600000|  0%| F|  |TAMS 0x00000004de400000, 0x00000004de400000| Untracked 
|  19|0x00000004de600000, 0x00000004de600000, 0x00000004de800000|  0%| F|  |TAMS 0x00000004de600000, 0x00000004de600000| Untracked 
|  20|0x00000004de800000, 0x00000004de800000, 0x00000004dea00000|  0%| F|  |TAMS 0x00000004de800000, 0x00000004de800000| Untracked 
|  21|0x00000004dea00000, 0x00000004dea00000, 0x00000004dec00000|  0%| F|  |TAMS 0x00000004dea00000, 0x00000004dea00000| Untracked 
|  22|0x00000004dec00000, 0x00000004dec00000, 0x00000004dee00000|  0%| F|  |TAMS 0x00000004dec00000, 0x00000004dec00000| Untracked 
|  23|0x00000004dee00000, 0x00000004dee00000, 0x00000004df000000|  0%| F|  |TAMS 0x00000004dee00000, 0x00000004dee00000| Untracked 
|  24|0x00000004df000000, 0x00000004df000000, 0x00000004df200000|  0%| F|  |TAMS 0x00000004df000000, 0x00000004df000000| Untracked 
|  25|0x00000004df200000, 0x00000004df200000, 0x00000004df400000|  0%| F|  |TAMS 0x00000004df200000, 0x00000004df200000| Untracked 
|  26|0x00000004df400000, 0x00000004df400000, 0x00000004df600000|  0%| F|  |TAMS 0x00000004df400000, 0x00000004df400000| Untracked 
|  27|0x00000004df600000, 0x00000004df600000, 0x00000004df800000|  0%| F|  |TAMS 0x00000004df600000, 0x00000004df600000| Untracked 
|  28|0x00000004df800000, 0x00000004df800000, 0x00000004dfa00000|  0%| F|  |TAMS 0x00000004df800000, 0x00000004df800000| Untracked 
|  29|0x00000004dfa00000, 0x00000004dfa00000, 0x00000004dfc00000|  0%| F|  |TAMS 0x00000004dfa00000, 0x00000004dfa00000| Untracked 
|  30|0x00000004dfc00000, 0x00000004dfc00000, 0x00000004dfe00000|  0%| F|  |TAMS 0x00000004dfc00000, 0x00000004dfc00000| Untracked 
|  31|0x00000004dfe00000, 0x00000004dfe00000, 0x00000004e0000000|  0%| F|  |TAMS 0x00000004dfe00000, 0x00000004dfe00000| Untracked 
|  32|0x00000004e0000000, 0x00000004e0000000, 0x00000004e0200000|  0%| F|  |TAMS 0x00000004e0000000, 0x00000004e0000000| Untracked 
|  33|0x00000004e0200000, 0x00000004e0200000, 0x00000004e0400000|  0%| F|  |TAMS 0x00000004e0200000, 0x00000004e0200000| Untracked 
|  34|0x00000004e0400000, 0x00000004e0400000, 0x00000004e0600000|  0%| F|  |TAMS 0x00000004e0400000, 0x00000004e0400000| Untracked 
|  35|0x00000004e0600000, 0x00000004e0600000, 0x00000004e0800000|  0%| F|  |TAMS 0x00000004e0600000, 0x00000004e0600000| Untracked 
|  36|0x00000004e0800000, 0x00000004e0800000, 0x00000004e0a00000|  0%| F|  |TAMS 0x00000004e0800000, 0x00000004e0800000| Untracked 
|  37|0x00000004e0a00000, 0x00000004e0a00000, 0x00000004e0c00000|  0%| F|  |TAMS 0x00000004e0a00000, 0x00000004e0a00000| Untracked 
|  38|0x00000004e0c00000, 0x00000004e0c00000, 0x00000004e0e00000|  0%| F|  |TAMS 0x00000004e0c00000, 0x00000004e0c00000| Untracked 
|  39|0x00000004e0e00000, 0x00000004e0e00000, 0x00000004e1000000|  0%| F|  |TAMS 0x00000004e0e00000, 0x00000004e0e00000| Untracked 
|  40|0x00000004e1000000, 0x00000004e1000000, 0x00000004e1200000|  0%| F|  |TAMS 0x00000004e1000000, 0x00000004e1000000| Untracked 
|  41|0x00000004e1200000, 0x00000004e1200000, 0x00000004e1400000|  0%| F|  |TAMS 0x00000004e1200000, 0x00000004e1200000| Untracked 
|  42|0x00000004e1400000, 0x00000004e1400000, 0x00000004e1600000|  0%| F|  |TAMS 0x00000004e1400000, 0x00000004e1400000| Untracked 
|  43|0x00000004e1600000, 0x00000004e1600000, 0x00000004e1800000|  0%| F|  |TAMS 0x00000004e1600000, 0x00000004e1600000| Untracked 
|  44|0x00000004e1800000, 0x00000004e1800000, 0x00000004e1a00000|  0%| F|  |TAMS 0x00000004e1800000, 0x00000004e1800000| Untracked 
|  45|0x00000004e1a00000, 0x00000004e1a00000, 0x00000004e1c00000|  0%| F|  |TAMS 0x00000004e1a00000, 0x00000004e1a00000| Untracked 
|  46|0x00000004e1c00000, 0x00000004e1c00000, 0x00000004e1e00000|  0%| F|  |TAMS 0x00000004e1c00000, 0x00000004e1c00000| Untracked 
|  47|0x00000004e1e00000, 0x00000004e1e00000, 0x00000004e2000000|  0%| F|  |TAMS 0x00000004e1e00000, 0x00000004e1e00000| Untracked 
|  48|0x00000004e2000000, 0x00000004e2000000, 0x00000004e2200000|  0%| F|  |TAMS 0x00000004e2000000, 0x00000004e2000000| Untracked 
|  49|0x00000004e2200000, 0x00000004e2200000, 0x00000004e2400000|  0%| F|  |TAMS 0x00000004e2200000, 0x00000004e2200000| Untracked 
|  50|0x00000004e2400000, 0x00000004e2400000, 0x00000004e2600000|  0%| F|  |TAMS 0x00000004e2400000, 0x00000004e2400000| Untracked 
|  51|0x00000004e2600000, 0x00000004e2600000, 0x00000004e2800000|  0%| F|  |TAMS 0x00000004e2600000, 0x00000004e2600000| Untracked 
|  52|0x00000004e2800000, 0x00000004e2800000, 0x00000004e2a00000|  0%| F|  |TAMS 0x00000004e2800000, 0x00000004e2800000| Untracked 
|  53|0x00000004e2a00000, 0x00000004e2a00000, 0x00000004e2c00000|  0%| F|  |TAMS 0x00000004e2a00000, 0x00000004e2a00000| Untracked 
|  54|0x00000004e2c00000, 0x00000004e2c00000, 0x00000004e2e00000|  0%| F|  |TAMS 0x00000004e2c00000, 0x00000004e2c00000| Untracked 
|  55|0x00000004e2e00000, 0x00000004e2e00000, 0x00000004e3000000|  0%| F|  |TAMS 0x00000004e2e00000, 0x00000004e2e00000| Untracked 
|  56|0x00000004e3000000, 0x00000004e3000000, 0x00000004e3200000|  0%| F|  |TAMS 0x00000004e3000000, 0x00000004e3000000| Untracked 
|  57|0x00000004e3200000, 0x00000004e3200000, 0x00000004e3400000|  0%| F|  |TAMS 0x00000004e3200000, 0x00000004e3200000| Untracked 
|  58|0x00000004e3400000, 0x00000004e3400000, 0x00000004e3600000|  0%| F|  |TAMS 0x00000004e3400000, 0x00000004e3400000| Untracked 
|  59|0x00000004e3600000, 0x00000004e3600000, 0x00000004e3800000|  0%| F|  |TAMS 0x00000004e3600000, 0x00000004e3600000| Untracked 
|  60|0x00000004e3800000, 0x00000004e3800000, 0x00000004e3a00000|  0%| F|  |TAMS 0x00000004e3800000, 0x00000004e3800000| Untracked 
|  61|0x00000004e3a00000, 0x00000004e3a00000, 0x00000004e3c00000|  0%| F|  |TAMS 0x00000004e3a00000, 0x00000004e3a00000| Untracked 
|  62|0x00000004e3c00000, 0x00000004e3c00000, 0x00000004e3e00000|  0%| F|  |TAMS 0x00000004e3c00000, 0x00000004e3c00000| Untracked 
|  63|0x00000004e3e00000, 0x00000004e3e00000, 0x00000004e4000000|  0%| F|  |TAMS 0x00000004e3e00000, 0x00000004e3e00000| Untracked 
|  64|0x00000004e4000000, 0x00000004e4000000, 0x00000004e4200000|  0%| F|  |TAMS 0x00000004e4000000, 0x00000004e4000000| Untracked 
|  65|0x00000004e4200000, 0x00000004e4200000, 0x00000004e4400000|  0%| F|  |TAMS 0x00000004e4200000, 0x00000004e4200000| Untracked 
|  66|0x00000004e4400000, 0x00000004e4400000, 0x00000004e4600000|  0%| F|  |TAMS 0x00000004e4400000, 0x00000004e4400000| Untracked 
|  67|0x00000004e4600000, 0x00000004e4600000, 0x00000004e4800000|  0%| F|  |TAMS 0x00000004e4600000, 0x00000004e4600000| Untracked 
|  68|0x00000004e4800000, 0x00000004e4800000, 0x00000004e4a00000|  0%| F|  |TAMS 0x00000004e4800000, 0x00000004e4800000| Untracked 
|  69|0x00000004e4a00000, 0x00000004e4a00000, 0x00000004e4c00000|  0%| F|  |TAMS 0x00000004e4a00000, 0x00000004e4a00000| Untracked 
|  70|0x00000004e4c00000, 0x00000004e4c00000, 0x00000004e4e00000|  0%| F|  |TAMS 0x00000004e4c00000, 0x00000004e4c00000| Untracked 
|  71|0x00000004e4e00000, 0x00000004e4e00000, 0x00000004e5000000|  0%| F|  |TAMS 0x00000004e4e00000, 0x00000004e4e00000| Untracked 
|  72|0x00000004e5000000, 0x00000004e5000000, 0x00000004e5200000|  0%| F|  |TAMS 0x00000004e5000000, 0x00000004e5000000| Untracked 
|  73|0x00000004e5200000, 0x00000004e5200000, 0x00000004e5400000|  0%| F|  |TAMS 0x00000004e5200000, 0x00000004e5200000| Untracked 
|  74|0x00000004e5400000, 0x00000004e5400000, 0x00000004e5600000|  0%| F|  |TAMS 0x00000004e5400000, 0x00000004e5400000| Untracked 
|  75|0x00000004e5600000, 0x00000004e5600000, 0x00000004e5800000|  0%| F|  |TAMS 0x00000004e5600000, 0x00000004e5600000| Untracked 
|  76|0x00000004e5800000, 0x00000004e5800000, 0x00000004e5a00000|  0%| F|  |TAMS 0x00000004e5800000, 0x00000004e5800000| Untracked 
|  77|0x00000004e5a00000, 0x00000004e5a00000, 0x00000004e5c00000|  0%| F|  |TAMS 0x00000004e5a00000, 0x00000004e5a00000| Untracked 
|  78|0x00000004e5c00000, 0x00000004e5c00000, 0x00000004e5e00000|  0%| F|  |TAMS 0x00000004e5c00000, 0x00000004e5c00000| Untracked 
|  79|0x00000004e5e00000, 0x00000004e5e00000, 0x00000004e6000000|  0%| F|  |TAMS 0x00000004e5e00000, 0x00000004e5e00000| Untracked 
|  80|0x00000004e6000000, 0x00000004e6000000, 0x00000004e6200000|  0%| F|  |TAMS 0x00000004e6000000, 0x00000004e6000000| Untracked 
|  81|0x00000004e6200000, 0x00000004e6200000, 0x00000004e6400000|  0%| F|  |TAMS 0x00000004e6200000, 0x00000004e6200000| Untracked 
|  82|0x00000004e6400000, 0x00000004e6400000, 0x00000004e6600000|  0%| F|  |TAMS 0x00000004e6400000, 0x00000004e6400000| Untracked 
|  83|0x00000004e6600000, 0x00000004e6600000, 0x00000004e6800000|  0%| F|  |TAMS 0x00000004e6600000, 0x00000004e6600000| Untracked 
|  84|0x00000004e6800000, 0x00000004e6800000, 0x00000004e6a00000|  0%| F|  |TAMS 0x00000004e6800000, 0x00000004e6800000| Untracked 
|  85|0x00000004e6a00000, 0x00000004e6a00000, 0x00000004e6c00000|  0%| F|  |TAMS 0x00000004e6a00000, 0x00000004e6a00000| Untracked 
|  86|0x00000004e6c00000, 0x00000004e6c00000, 0x00000004e6e00000|  0%| F|  |TAMS 0x00000004e6c00000, 0x00000004e6c00000| Untracked 
|  87|0x00000004e6e00000, 0x00000004e6e00000, 0x00000004e7000000|  0%| F|  |TAMS 0x00000004e6e00000, 0x00000004e6e00000| Untracked 
|  88|0x00000004e7000000, 0x00000004e7000000, 0x00000004e7200000|  0%| F|  |TAMS 0x00000004e7000000, 0x00000004e7000000| Untracked 
|  89|0x00000004e7200000, 0x00000004e7200000, 0x00000004e7400000|  0%| F|  |TAMS 0x00000004e7200000, 0x00000004e7200000| Untracked 
|  90|0x00000004e7400000, 0x00000004e7400000, 0x00000004e7600000|  0%| F|  |TAMS 0x00000004e7400000, 0x00000004e7400000| Untracked 
|  91|0x00000004e7600000, 0x00000004e7600000, 0x00000004e7800000|  0%| F|  |TAMS 0x00000004e7600000, 0x00000004e7600000| Untracked 
|  92|0x00000004e7800000, 0x00000004e7800000, 0x00000004e7a00000|  0%| F|  |TAMS 0x00000004e7800000, 0x00000004e7800000| Untracked 
|  93|0x00000004e7a00000, 0x00000004e7a00000, 0x00000004e7c00000|  0%| F|  |TAMS 0x00000004e7a00000, 0x00000004e7a00000| Untracked 
|  94|0x00000004e7c00000, 0x00000004e7c00000, 0x00000004e7e00000|  0%| F|  |TAMS 0x00000004e7c00000, 0x00000004e7c00000| Untracked 
|  95|0x00000004e7e00000, 0x00000004e7e00000, 0x00000004e8000000|  0%| F|  |TAMS 0x00000004e7e00000, 0x00000004e7e00000| Untracked 
|  96|0x00000004e8000000, 0x00000004e8000000, 0x00000004e8200000|  0%| F|  |TAMS 0x00000004e8000000, 0x00000004e8000000| Untracked 
|  97|0x00000004e8200000, 0x00000004e8200000, 0x00000004e8400000|  0%| F|  |TAMS 0x00000004e8200000, 0x00000004e8200000| Untracked 
|  98|0x00000004e8400000, 0x00000004e8400000, 0x00000004e8600000|  0%| F|  |TAMS 0x00000004e8400000, 0x00000004e8400000| Untracked 
|  99|0x00000004e8600000, 0x00000004e8600000, 0x00000004e8800000|  0%| F|  |TAMS 0x00000004e8600000, 0x00000004e8600000| Untracked 
| 100|0x00000004e8800000, 0x00000004e8800000, 0x00000004e8a00000|  0%| F|  |TAMS 0x00000004e8800000, 0x00000004e8800000| Untracked 
| 101|0x00000004e8a00000, 0x00000004e8a00000, 0x00000004e8c00000|  0%| F|  |TAMS 0x00000004e8a00000, 0x00000004e8a00000| Untracked 
| 102|0x00000004e8c00000, 0x00000004e8c00000, 0x00000004e8e00000|  0%| F|  |TAMS 0x00000004e8c00000, 0x00000004e8c00000| Untracked 
| 103|0x00000004e8e00000, 0x00000004e8e00000, 0x00000004e9000000|  0%| F|  |TAMS 0x00000004e8e00000, 0x00000004e8e00000| Untracked 
| 104|0x00000004e9000000, 0x00000004e9000000, 0x00000004e9200000|  0%| F|  |TAMS 0x00000004e9000000, 0x00000004e9000000| Untracked 
| 105|0x00000004e9200000, 0x00000004e9200000, 0x00000004e9400000|  0%| F|  |TAMS 0x00000004e9200000, 0x00000004e9200000| Untracked 
| 106|0x00000004e9400000, 0x00000004e9400000, 0x00000004e9600000|  0%| F|  |TAMS 0x00000004e9400000, 0x00000004e9400000| Untracked 
| 107|0x00000004e9600000, 0x00000004e9600000, 0x00000004e9800000|  0%| F|  |TAMS 0x00000004e9600000, 0x00000004e9600000| Untracked 
| 108|0x00000004e9800000, 0x00000004e9800000, 0x00000004e9a00000|  0%| F|  |TAMS 0x00000004e9800000, 0x00000004e9800000| Untracked 
| 109|0x00000004e9a00000, 0x00000004e9a00000, 0x00000004e9c00000|  0%| F|  |TAMS 0x00000004e9a00000, 0x00000004e9a00000| Untracked 
| 110|0x00000004e9c00000, 0x00000004e9c00000, 0x00000004e9e00000|  0%| F|  |TAMS 0x00000004e9c00000, 0x00000004e9c00000| Untracked 
| 111|0x00000004e9e00000, 0x00000004e9e00000, 0x00000004ea000000|  0%| F|  |TAMS 0x00000004e9e00000, 0x00000004e9e00000| Untracked 
| 112|0x00000004ea000000, 0x00000004ea000000, 0x00000004ea200000|  0%| F|  |TAMS 0x00000004ea000000, 0x00000004ea000000| Untracked 
| 113|0x00000004ea200000, 0x00000004ea200000, 0x00000004ea400000|  0%| F|  |TAMS 0x00000004ea200000, 0x00000004ea200000| Untracked 
| 114|0x00000004ea400000, 0x00000004ea400000, 0x00000004ea600000|  0%| F|  |TAMS 0x00000004ea400000, 0x00000004ea400000| Untracked 
| 115|0x00000004ea600000, 0x00000004ea600000, 0x00000004ea800000|  0%| F|  |TAMS 0x00000004ea600000, 0x00000004ea600000| Untracked 
| 116|0x00000004ea800000, 0x00000004ea800000, 0x00000004eaa00000|  0%| F|  |TAMS 0x00000004ea800000, 0x00000004ea800000| Untracked 
| 117|0x00000004eaa00000, 0x00000004eaa712a8, 0x00000004eac00000| 22%| E|  |TAMS 0x00000004eaa00000, 0x00000004eaa00000| Complete 
| 118|0x00000004eac00000, 0x00000004eae00000, 0x00000004eae00000|100%| E|CS|TAMS 0x00000004eac00000, 0x00000004eac00000| Complete 
| 119|0x00000004eae00000, 0x00000004eb000000, 0x00000004eb000000|100%| E|  |TAMS 0x00000004eae00000, 0x00000004eae00000| Complete 
| 120|0x00000004eb000000, 0x00000004eb200000, 0x00000004eb200000|100%| E|CS|TAMS 0x00000004eb000000, 0x00000004eb000000| Complete 
| 121|0x00000004eb200000, 0x00000004eb400000, 0x00000004eb400000|100%| E|CS|TAMS 0x00000004eb200000, 0x00000004eb200000| Complete 
| 122|0x00000004eb400000, 0x00000004eb600000, 0x00000004eb600000|100%| E|CS|TAMS 0x00000004eb400000, 0x00000004eb400000| Complete 

Card table byte_map: [0x000001ef18410000,0x000001ef18bc0000] _byte_map_base: 0x000001ef15d30000

Marking Bits (Prev, Next): (CMBitMap*) 0x000001ef031a0410, (CMBitMap*) 0x000001ef031a0450
 Prev Bits: [0x000001ef19370000, 0x000001ef1d0f0000)
 Next Bits: [0x000001ef1d0f0000, 0x000001ef20e70000)

Polling page: 0x000001ef02ec0000

Metaspace:

Usage:
  Non-class:      6.65 MB used.
      Class:    651.95 KB used.
       Both:      7.29 MB used.

Virtual space:
  Non-class space:        8.00 MB reserved,       6.69 MB ( 84%) committed,  1 nodes.
      Class space:        1.00 GB reserved,     704.00 KB ( <1%) committed,  1 nodes.
             Both:        1.01 GB reserved,       7.38 MB ( <1%) committed. 

Chunk freelists:
   Non-Class:  832.00 KB
       Class:  3.22 MB
        Both:  4.03 MB

MaxMetaspaceSize: unlimited
CompressedClassSpaceSize: 1.00 GB
Initial GC threshold: 21.00 MB
Current GC threshold: 21.00 MB
CDS: off
MetaspaceReclaimPolicy: balanced
 - commit_granule_bytes: 65536.
 - commit_granule_words: 8192.
 - virtual_space_node_default_size: 1048576.
 - enlarge_chunks_in_place: 1.
 - new_chunks_are_fully_committed: 0.
 - uncommit_free_chunks: 1.
 - use_allocation_guard: 0.
 - handle_deallocations: 1.


Internal statistics:

num_allocs_failed_limit: 0.
num_arena_births: 10.
num_arena_deaths: 0.
num_vsnodes_births: 2.
num_vsnodes_deaths: 0.
num_space_committed: 118.
num_space_uncommitted: 0.
num_chunks_returned_to_freelist: 0.
num_chunks_taken_from_freelist: 46.
num_chunk_merges: 0.
num_chunk_splits: 19.
num_chunks_enlarged: 14.
num_purges: 0.
num_inconsistent_stats: 0.

CodeHeap 'non-profiled nmethods': size=120000Kb used=126Kb max_used=126Kb free=119873Kb
 bounds [0x000001ef0fa90000, 0x000001ef0fd00000, 0x000001ef16fc0000]
CodeHeap 'profiled nmethods': size=120000Kb used=622Kb max_used=622Kb free=119377Kb
 bounds [0x000001ef08560000, 0x000001ef087d0000, 0x000001ef0fa90000]
CodeHeap 'non-nmethods': size=5760Kb used=1099Kb max_used=1114Kb free=4660Kb
 bounds [0x000001ef07fc0000, 0x000001ef08230000, 0x000001ef08560000]
 total_blobs=787 nmethods=413 adapters=287
 compilation: enabled
              stopped_count=0, restarted_count=0
 full_count=0

Compilation events (20 events):
Event: 0.418 Thread 0x000001ef2447e4c0 nmethod 404 0x000001ef085f9010 code [0x000001ef085f9240, 0x000001ef085f9978]
Event: 0.418 Thread 0x000001ef2447e4c0  403       3       jdk.internal.loader.URLClassPath$JarLoader::findResource (18 bytes)
Event: 0.418 Thread 0x000001ef2447e4c0 nmethod 403 0x000001ef085f9d10 code [0x000001ef085f9ec0, 0x000001ef085fa138]
Event: 0.418 Thread 0x000001ef2447e4c0  406   !   3       java.util.zip.ZipFile$ZipFileInputStream::close (59 bytes)
Event: 0.419 Thread 0x000001ef2447e4c0 nmethod 406 0x000001ef085fa210 code [0x000001ef085fa3c0, 0x000001ef085fa748]
Event: 0.419 Thread 0x000001ef2447e4c0  398       1       java.nio.HeapByteBuffer::isDirect (2 bytes)
Event: 0.419 Thread 0x000001ef2447e4c0 nmethod 398 0x000001ef0faadb90 code [0x000001ef0faadd20, 0x000001ef0faaddf8]
Event: 0.419 Thread 0x000001ef2447e4c0  407       3       sun.net.www.protocol.file.Handler::parseURL (18 bytes)
Event: 0.419 Thread 0x000001ef2447db10 nmethod 400 0x000001ef0faade90 code [0x000001ef0faae000, 0x000001ef0faae1d8]
Event: 0.419 Thread 0x000001ef2447db10  402 %     4       java.lang.StringLatin1::indexOf @ 30 (121 bytes)
Event: 0.419 Thread 0x000001ef2447e4c0 nmethod 407 0x000001ef085fa910 code [0x000001ef085faac0, 0x000001ef085fac78]
Event: 0.419 Thread 0x000001ef2447e4c0  409       3       java.lang.String::indexOf (64 bytes)
Event: 0.420 Thread 0x000001ef2447e4c0 nmethod 409 0x000001ef085fad90 code [0x000001ef085fafa0, 0x000001ef085fb488]
Event: 0.420 Thread 0x000001ef2447e4c0  410       3       java.lang.StringLatin1::indexOf (25 bytes)
Event: 0.420 Thread 0x000001ef2447e4c0 nmethod 410 0x000001ef085fb610 code [0x000001ef085fb7c0, 0x000001ef085fb9c8]
Event: 0.420 Thread 0x000001ef2447e4c0  408       3       java.net.URLStreamHandler::parseURL (1201 bytes)
Event: 0.425 Thread 0x000001ef2447db10 nmethod 402% 0x000001ef0faae310 code [0x000001ef0faae4a0, 0x000001ef0faae838]
Event: 0.425 Thread 0x000001ef2447db10  405       4       java.lang.StringCoding::hasNegatives (25 bytes)
Event: 0.428 Thread 0x000001ef2447db10 nmethod 405 0x000001ef0faaea90 code [0x000001ef0faaec00, 0x000001ef0faaed98]
Event: 0.428 Thread 0x000001ef2447db10  413       4       java.lang.StringLatin1::indexOf (121 bytes)

GC Heap History (0 events):
No events

Deoptimization events (20 events):
Event: 0.182 Thread 0x000001ef03152280 DEOPT PACKING pc=0x000001ef0fa90ef8 sp=0x00000007d37feea0
Event: 0.182 Thread 0x000001ef03152280 DEOPT UNPACKING pc=0x000001ef080123a3 sp=0x00000007d37fede0 mode 2
Event: 0.234 Thread 0x000001ef03152280 DEOPT PACKING pc=0x000001ef08569767 sp=0x00000007d37fdcf0
Event: 0.234 Thread 0x000001ef03152280 DEOPT UNPACKING pc=0x000001ef08012b43 sp=0x00000007d37fd110 mode 0
Event: 0.242 Thread 0x000001ef03152280 Uncommon trap: trap_request=0xffffff45 fr.pc=0x000001ef0fa98894 relative=0x0000000000000174
Event: 0.242 Thread 0x000001ef03152280 Uncommon trap: reason=unstable_if action=reinterpret pc=0x000001ef0fa98894 method=java.util.zip.ZipFile$Source.isMetaName([BII)Z @ 43 c2
Event: 0.242 Thread 0x000001ef03152280 DEOPT PACKING pc=0x000001ef0fa98894 sp=0x00000007d37fdae0
Event: 0.242 Thread 0x000001ef03152280 DEOPT UNPACKING pc=0x000001ef080123a3 sp=0x00000007d37fda88 mode 2
Event: 0.245 Thread 0x000001ef03152280 DEOPT PACKING pc=0x000001ef085674d1 sp=0x00000007d37fd970
Event: 0.245 Thread 0x000001ef03152280 DEOPT UNPACKING pc=0x000001ef08012b43 sp=0x00000007d37fcde8 mode 0
Event: 0.314 Thread 0x000001ef03152280 DEOPT PACKING pc=0x000001ef0859ae1c sp=0x00000007d37f9ba0
Event: 0.314 Thread 0x000001ef03152280 DEOPT UNPACKING pc=0x000001ef08012b43 sp=0x00000007d37f9050 mode 0
Event: 0.403 Thread 0x000001ef03152280 Uncommon trap: trap_request=0xffffff45 fr.pc=0x000001ef0fa9a2e4 relative=0x0000000000000064
Event: 0.403 Thread 0x000001ef03152280 Uncommon trap: reason=unstable_if action=reinterpret pc=0x000001ef0fa9a2e4 method=java.io.WinNTFileSystem.isSlash(C)Z @ 9 c2
Event: 0.403 Thread 0x000001ef03152280 DEOPT PACKING pc=0x000001ef0fa9a2e4 sp=0x00000007d37fdbb0
Event: 0.403 Thread 0x000001ef03152280 DEOPT UNPACKING pc=0x000001ef080123a3 sp=0x00000007d37fdb38 mode 2
Event: 0.418 Thread 0x000001ef03152280 DEOPT PACKING pc=0x000001ef0858df56 sp=0x00000007d37fd570
Event: 0.418 Thread 0x000001ef03152280 DEOPT UNPACKING pc=0x000001ef08012b43 sp=0x00000007d37fca10 mode 0
Event: 0.426 Thread 0x000001ef03152280 DEOPT PACKING pc=0x000001ef085a4ae5 sp=0x00000007d37fcb90
Event: 0.426 Thread 0x000001ef03152280 DEOPT UNPACKING pc=0x000001ef08012b43 sp=0x00000007d37fbfe0 mode 0

Classes unloaded (0 events):
No events

Classes redefined (0 events):
No events

Internal exceptions (1 events):
Event: 0.434 Thread 0x000001ef03152280 Exception <a 'java/lang/NoSuchMethodError'{0x00000004eade0900}: 'void java.lang.invoke.DirectMethodHandle$Holder.invokeStatic(java.lang.Object, java.lang.Object, java.lang.Object)'> (0x00000004eade0900) 
thrown [e:\jenkins\tmp\workspace\build\src\src\hotspot\share\interpreter\linkResolver.cpp, line 766]

VM Operations (4 events):
Event: 0.216 Executing VM operation: HandshakeAllThreads
Event: 0.216 Executing VM operation: HandshakeAllThreads done
Event: 0.403 Executing VM operation: HandshakeAllThreads
Event: 0.403 Executing VM operation: HandshakeAllThreads done

Events (20 events):
Event: 0.403 loading class sun/net/www/MessageHeader
Event: 0.403 loading class sun/net/www/MessageHeader done
Event: 0.403 loading class sun/net/www/protocol/jar/URLJarFile
Event: 0.403 loading class sun/net/www/protocol/jar/URLJarFile done
Event: 0.404 loading class sun/net/www/protocol/jar/URLJarFile$URLJarFileEntry
Event: 0.404 loading class sun/net/www/protocol/jar/URLJarFile$URLJarFileEntry done
Event: 0.404 loading class sun/net/www/protocol/jar/JarURLConnection$JarURLInputStream
Event: 0.404 loading class sun/net/www/protocol/jar/JarURLConnection$JarURLInputStream done
Event: 0.404 loading class java/util/LinkedHashMap$LinkedKeySet
Event: 0.404 loading class java/util/LinkedHashMap$LinkedKeySet done
Event: 0.405 loading class java/util/LinkedHashMap$LinkedKeyIterator
Event: 0.405 loading class java/util/LinkedHashMap$LinkedHashIterator
Event: 0.405 loading class java/util/LinkedHashMap$LinkedHashIterator done
Event: 0.405 loading class java/util/LinkedHashMap$LinkedKeyIterator done
Event: 0.413 loading class java/util/Collections$UnmodifiableCollection$1
Event: 0.413 loading class java/util/Collections$UnmodifiableCollection$1 done
Event: 0.433 loading class java/lang/NoSuchMethodError
Event: 0.433 loading class java/lang/IncompatibleClassChangeError
Event: 0.433 loading class java/lang/IncompatibleClassChangeError done
Event: 0.433 loading class java/lang/NoSuchMethodError done


Dynamic libraries:
0x00007ff6a6880000 - 0x00007ff6a688e000 	D:\Ruben\EclipseSTS\plugins\org.eclipse.justj.openjdk.hotspot.jre.full.win32.x86_64_17.0.1.v20211116-1657\jre\bin\javaw.exe
0x00007ffdc7840000 - 0x00007ffdc7a49000 	C:\WINDOWS\SYSTEM32\ntdll.dll
0x00007ffdc66f0000 - 0x00007ffdc67ad000 	C:\WINDOWS\System32\KERNEL32.DLL
0x00007ffdc5090000 - 0x00007ffdc5409000 	C:\WINDOWS\System32\KERNELBASE.dll
0x00007ffdc5440000 - 0x00007ffdc5551000 	C:\WINDOWS\System32\ucrtbase.dll
0x00007ffda9880000 - 0x00007ffda9899000 	D:\Ruben\EclipseSTS\plugins\org.eclipse.justj.openjdk.hotspot.jre.full.win32.x86_64_17.0.1.v20211116-1657\jre\bin\VCRUNTIME140.dll
0x00007ffda9830000 - 0x00007ffda9848000 	D:\Ruben\EclipseSTS\plugins\org.eclipse.justj.openjdk.hotspot.jre.full.win32.x86_64_17.0.1.v20211116-1657\jre\bin\jli.dll
0x00007ffdc67b0000 - 0x00007ffdc695c000 	C:\WINDOWS\System32\USER32.dll
0x00007ffdadc90000 - 0x00007ffdadf35000 	C:\WINDOWS\WinSxS\amd64_microsoft.windows.common-controls_6595b64144ccf1df_6.0.22000.120_none_9d947278b86cc467\COMCTL32.dll
0x00007ffdc5410000 - 0x00007ffdc5436000 	C:\WINDOWS\System32\win32u.dll
0x00007ffdc6e70000 - 0x00007ffdc6e99000 	C:\WINDOWS\System32\GDI32.dll
0x00007ffdc6640000 - 0x00007ffdc66e3000 	C:\WINDOWS\System32\msvcrt.dll
0x00007ffdc4d20000 - 0x00007ffdc4e32000 	C:\WINDOWS\System32\gdi32full.dll
0x00007ffdc4f70000 - 0x00007ffdc500d000 	C:\WINDOWS\System32\msvcp_win.dll
0x00007ffdc5750000 - 0x00007ffdc5781000 	C:\WINDOWS\System32\IMM32.DLL
0x00007ffdbc6e0000 - 0x00007ffdbc6ec000 	D:\Ruben\EclipseSTS\plugins\org.eclipse.justj.openjdk.hotspot.jre.full.win32.x86_64_17.0.1.v20211116-1657\jre\bin\vcruntime140_1.dll
0x00007ffd9bb20000 - 0x00007ffd9bbb1000 	D:\Ruben\EclipseSTS\plugins\org.eclipse.justj.openjdk.hotspot.jre.full.win32.x86_64_17.0.1.v20211116-1657\jre\bin\msvcp140.dll
0x00007ffd474e0000 - 0x00007ffd48126000 	D:\Ruben\EclipseSTS\plugins\org.eclipse.justj.openjdk.hotspot.jre.full.win32.x86_64_17.0.1.v20211116-1657\jre\bin\server\jvm.dll
0x00007ffdc5d40000 - 0x00007ffdc5dee000 	C:\WINDOWS\System32\ADVAPI32.dll
0x00007ffdc7670000 - 0x00007ffdc770e000 	C:\WINDOWS\System32\sechost.dll
0x00007ffdc6ae0000 - 0x00007ffdc6c00000 	C:\WINDOWS\System32\RPCRT4.dll
0x00007ffdc7660000 - 0x00007ffdc7668000 	C:\WINDOWS\System32\PSAPI.DLL
0x00007ffdbefb0000 - 0x00007ffdbefe3000 	C:\WINDOWS\SYSTEM32\WINMM.dll
0x00007ffdc0770000 - 0x00007ffdc0779000 	C:\WINDOWS\SYSTEM32\WSOCK32.dll
0x00007ffdba870000 - 0x00007ffdba87a000 	C:\WINDOWS\SYSTEM32\VERSION.dll
0x00007ffdc5cd0000 - 0x00007ffdc5d3f000 	C:\WINDOWS\System32\WS2_32.dll
0x00007ffdc3df0000 - 0x00007ffdc3e08000 	C:\WINDOWS\SYSTEM32\kernel.appcore.dll
0x00007ffdc0760000 - 0x00007ffdc076a000 	D:\Ruben\EclipseSTS\plugins\org.eclipse.justj.openjdk.hotspot.jre.full.win32.x86_64_17.0.1.v20211116-1657\jre\bin\jimage.dll
0x00007ffdc2500000 - 0x00007ffdc2721000 	C:\WINDOWS\SYSTEM32\DBGHELP.DLL
0x00007ffdbc3e0000 - 0x00007ffdbc411000 	C:\WINDOWS\SYSTEM32\dbgcore.DLL
0x00007ffdc5010000 - 0x00007ffdc508f000 	C:\WINDOWS\System32\bcryptPrimitives.dll
0x00007ffdbc610000 - 0x00007ffdbc635000 	D:\Ruben\EclipseSTS\plugins\org.eclipse.justj.openjdk.hotspot.jre.full.win32.x86_64_17.0.1.v20211116-1657\jre\bin\java.dll
0x00007ffdbf270000 - 0x00007ffdbf288000 	D:\Ruben\EclipseSTS\plugins\org.eclipse.justj.openjdk.hotspot.jre.full.win32.x86_64_17.0.1.v20211116-1657\jre\bin\zip.dll
0x00007ffdc6ea0000 - 0x00007ffdc7658000 	C:\WINDOWS\System32\SHELL32.dll
0x00007ffdc2e50000 - 0x00007ffdc36b8000 	C:\WINDOWS\SYSTEM32\windows.storage.dll
0x00007ffdc6020000 - 0x00007ffdc6399000 	C:\WINDOWS\System32\combase.dll
0x00007ffdc2ce0000 - 0x00007ffdc2e46000 	C:\WINDOWS\SYSTEM32\wintypes.dll
0x00007ffdc6c00000 - 0x00007ffdc6cea000 	C:\WINDOWS\System32\SHCORE.dll
0x00007ffdc77a0000 - 0x00007ffdc77fd000 	C:\WINDOWS\System32\shlwapi.dll
0x00007ffdc4c50000 - 0x00007ffdc4c71000 	C:\WINDOWS\SYSTEM32\profapi.dll
0x00007ffdbb6a0000 - 0x00007ffdbb6b9000 	D:\Ruben\EclipseSTS\plugins\org.eclipse.justj.openjdk.hotspot.jre.full.win32.x86_64_17.0.1.v20211116-1657\jre\bin\net.dll
0x00007ffdbe0a0000 - 0x00007ffdbe1ac000 	C:\WINDOWS\SYSTEM32\WINHTTP.dll
0x00007ffdc4230000 - 0x00007ffdc4297000 	C:\WINDOWS\system32\mswsock.dll
0x00007ffdaf9c0000 - 0x00007ffdaf9d5000 	D:\Ruben\EclipseSTS\plugins\org.eclipse.justj.openjdk.hotspot.jre.full.win32.x86_64_17.0.1.v20211116-1657\jre\bin\nio.dll

dbghelp: loaded successfully - version: 4.0.5 - missing functions: none
symbol engine: initialized successfully - sym options: 0x614 - pdb path: .;D:\Ruben\EclipseSTS\plugins\org.eclipse.justj.openjdk.hotspot.jre.full.win32.x86_64_17.0.1.v20211116-1657\jre\bin;C:\WINDOWS\SYSTEM32;C:\WINDOWS\WinSxS\amd64_microsoft.windows.common-controls_6595b64144ccf1df_6.0.22000.120_none_9d947278b86cc467;D:\Ruben\EclipseSTS\plugins\org.eclipse.justj.openjdk.hotspot.jre.full.win32.x86_64_17.0.1.v20211116-1657\jre\bin\server

VM Arguments:
jvm_args: -ea -Dfile.encoding=UTF-8 -XX:+ShowCodeDetailsInExceptionMessages 
java_command: org.eclipse.jdt.internal.junit.runner.RemoteTestRunner -version 3 -port 62192 -testLoaderClass org.eclipse.jdt.internal.junit5.runner.JUnit5TestLoader -loaderpluginname org.eclipse.jdt.junit5.runtime -classNames com.pruebatecnica.expense.services.ExpenseServiceTest
java_class_path (initial): C:\Users\Ruben\git\technical-evaluation-back\Backend\target\test-classes;C:\Users\Ruben\git\technical-evaluation-back\Backend\target\classes;D:\Ruben\EclipseSTS\plugins\org.junit_4.13.2.v20211018-1956.jar;D:\Ruben\EclipseSTS\plugins\org.hamcrest.core_1.3.0.v20180420-1519.jar;C:\Users\Ruben\.m2\repository\org\springframework\boot\spring-boot-starter-data-jdbc\2.7.0\spring-boot-starter-data-jdbc-2.7.0.jar;C:\Users\Ruben\.m2\repository\org\springframework\boot\spring-boot-starter-jdbc\2.7.0\spring-boot-starter-jdbc-2.7.0.jar;C:\Users\Ruben\.m2\repository\com\zaxxer\HikariCP\4.0.3\HikariCP-4.0.3.jar;C:\Users\Ruben\.m2\repository\org\springframework\spring-jdbc\5.3.20\spring-jdbc-5.3.20.jar;C:\Users\Ruben\.m2\repository\org\springframework\data\spring-data-jdbc\2.4.0\spring-data-jdbc-2.4.0.jar;C:\Users\Ruben\.m2\repository\org\springframework\data\spring-data-relational\2.4.0\spring-data-relational-2.4.0.jar;C:\Users\Ruben\.m2\repository\org\springframework\data\spring-data-commons\2.7.0\spring-data-commons-2.7.0.jar;C:\Users\Ruben\.m2\repository\org\springframework\spring-tx\5.3.20\spring-tx-5.3.20.jar;C:\Users\Ruben\.m2\repository\org\springframework\spring-context\5.3.20\spring-context-5.3.20.jar;C:\Users\Ruben\.m2\repository\org\springframework\spring-beans\5.3.20\spring-beans-5.3.20.jar;C:\Users\Ruben\.m2\repository\org\slf4j\slf4j-api\1.7.36\slf4j-api-1.7.36.jar;C:\Users\Ruben\.m2\repository\org\springframework\boot\spring-boot-starter-data-jpa\2.7.0\spring-boot-starter-data-jpa-2.7.0.jar;C:\Users\Ruben\.m2\repository\org\springframework\boot\spring-boot-starter-aop\2.7.0\spring-boot-starter-aop-2.7.0.jar;C:\Users\Ruben\.m2\repository\org\springframework\spring-aop\5.3.20\spring-aop-5.3.20.jar;C:\Users\Ruben\.m2\repository\org\aspectj\aspectjweaver\1.9.7\aspectjweaver-1.9.7.jar;C:\Users\Ruben\.m2\repository\jakarta\transaction\jakarta.transaction-api\1.3.3\jakarta.transaction-api-1.3.3.jar;C:\Users\Ruben\.m2\repository\jakarta\persisten
Launcher Type: SUN_STANDARD

[Global flags]
     intx CICompilerCount                          = 4                                         {product} {ergonomic}
     uint ConcGCThreads                            = 3                                         {product} {ergonomic}
     uint G1ConcRefinementThreads                  = 10                                        {product} {ergonomic}
   size_t G1HeapRegionSize                         = 2097152                                   {product} {ergonomic}
    uintx GCDrainStackTargetSize                   = 64                                        {product} {ergonomic}
   size_t InitialHeapSize                          = 257949696                                 {product} {ergonomic}
   size_t MarkStackSize                            = 4194304                                   {product} {ergonomic}
   size_t MaxHeapSize                              = 4127195136                                {product} {ergonomic}
   size_t MaxNewSize                               = 2474639360                                {product} {ergonomic}
   size_t MinHeapDeltaBytes                        = 2097152                                   {product} {ergonomic}
   size_t MinHeapSize                              = 8388608                                   {product} {ergonomic}
    uintx NonNMethodCodeHeapSize                   = 5839372                                {pd product} {ergonomic}
    uintx NonProfiledCodeHeapSize                  = 122909434                              {pd product} {ergonomic}
    uintx ProfiledCodeHeapSize                     = 122909434                              {pd product} {ergonomic}
    uintx ReservedCodeCacheSize                    = 251658240                              {pd product} {ergonomic}
     bool SegmentedCodeCache                       = true                                      {product} {ergonomic}
     bool ShowCodeDetailsInExceptionMessages       = true                                   {manageable} {command line}
   size_t SoftMaxHeapSize                          = 4127195136                             {manageable} {ergonomic}
     bool UseCompressedClassPointers               = true                           {product lp64_product} {ergonomic}
     bool UseCompressedOops                        = true                           {product lp64_product} {ergonomic}
     bool UseG1GC                                  = true                                      {product} {ergonomic}
     bool UseLargePagesIndividualAllocation        = false                                  {pd product} {ergonomic}

Logging:
Log output configuration:
 #0: stdout all=warning uptime,level,tags
 #1: stderr all=off uptime,level,tags

Environment Variables:
PATH=D:/Ruben/EclipseSTS//plugins/org.eclipse.justj.openjdk.hotspot.jre.full.win32.x86_64_17.0.1.v20211116-1657/jre/bin/server;D:/Ruben/EclipseSTS//plugins/org.eclipse.justj.openjdk.hotspot.jre.full.win32.x86_64_17.0.1.v20211116-1657/jre/bin;C:\Program Files\Common Files\Oracle\Java\javapath;C:\Program Files (x86)\Common Files\Oracle\Java\javapath;C:\WINDOWS\system32;C:\WINDOWS;C:\WINDOWS\System32\Wbem;C:\WINDOWS\System32\WindowsPowerShell\v1.0\;C:\WINDOWS\System32\OpenSSH\;D:\Git\cmd;D:\Ruben\;D:\Putty\;%NVM_HOME%;%NVM_SYMLINK%;C:\Program Files\Docker\Docker\resources\bin;C:\ProgramData\DockerDesktop\version-bin;C:\Users\Ruben\AppData\Local\Microsoft\WindowsApps;D:\Microsoft VS Code\bin;C:\Users\Ruben\AppData\Roaming\npm;C:\Users\Ruben\AppData\Roaming\nvm;C:\Program Files\nodejs;D:\IJ\IntelliJ IDEA Community Edition 2022.1.2\bin;;D:\Ruben\EclipseSTS;
USERNAME=Ruben
OS=Windows_NT
PROCESSOR_IDENTIFIER=AMD64 Family 23 Model 96 Stepping 1, AuthenticAMD



---------------  S Y S T E M  ---------------

OS:
 Windows 10 , 64 bit Build 22000 (10.0.22000.708)
OS uptime: 1 days 7:55 hours
Hyper-V role detected

CPU: total 12 (initial active 12) (12 cores per cpu, 2 threads per core) family 23 model 96 stepping 1 microcode 0x0, cx8, cmov, fxsr, ht, mmx, 3dnowpref, sse, sse2, sse3, ssse3, sse4a, sse4.1, sse4.2, popcnt, lzcnt, tsc, tscinvbit, avx, avx2, aes, clmul, bmi1, bmi2, adx, sha, fma, vzeroupper, clflush, clflushopt, hv

Memory: 4k page, system-wide physical 15741M (3883M free)
TotalPageFile size 20731M (AvailPageFile size 198M)
current process WorkingSet (physical memory assigned to process): 53M, peak: 53M
current process commit charge ("private bytes"): 342M, peak: 342M

vm_info: OpenJDK 64-Bit Server VM (17.0.1+12) for windows-amd64 JRE (17.0.1+12), built on Oct 20 2021 07:42:55 by "" with MS VC++ 16.7 (VS2019)

END.
